mktextfm SFMono-Regular
mktextfm SFMono-Regular
mktextfm SFMono-Regular
mktextfm SFMono-Regular/BI
mktextfm SFMono-Regular
mktextfm SFMono-Regular/B
mktextfm SFMono-Regular
mktextfm SFMono-Regular/I
mktextfm SFMono-Regular
mktextfm SFMono-Regular
mktextfm SFMono-Bold
mktextfm SFMono-Bold
mktextfm SFMono-Bold
mktextfm SFMono-Bold/BI
mktextfm SFMono-Bold
mktextfm SFMono-Bold/B
mktextfm SFMono-Bold
mktextfm SFMono-Bold/I
mktextfm SFMono-Bold
mktextfm SFMono-Bold
mktextfm SFMono-Regular
mktextfm SFMono-Regular
mktextfm SFMono-Regular
mktextfm SFMono-Regular/BI
mktextfm SFMono-Regular
mktextfm SFMono-Regular/B
mktextfm SFMono-Regular
mktextfm SFMono-Regular/I
mktextfm SFMono-Regular
mktextfm SFMono-Regular
mktextfm SFMono-Bold
mktextfm SFMono-Bold
mktextfm SFMono-Bold
mktextfm SFMono-Bold/BI
mktextfm SFMono-Bold
mktextfm SFMono-Bold/B
mktextfm SFMono-Bold
mktextfm SFMono-Bold/I
mktextfm SFMono-Bold
mktextfm SFMono-Bold
mktextfm SFMono-Regular
mktextfm SFMono-Regular
mktextfm SFMono-Regular
mktextfm SFMono-Regular/BI
mktextfm SFMono-Regular
mktextfm SFMono-Regular/B
mktextfm SFMono-Regular
mktextfm SFMono-Regular/I
mktextfm SFMono-Regular
mktextfm SFMono-Regular
mktextfm SFMono-Bold
mktextfm SFMono-Bold
mktextfm SFMono-Bold
mktextfm SFMono-Bold/BI
mktextfm SFMono-Bold
mktextfm SFMono-Bold/B
mktextfm SFMono-Bold
mktextfm SFMono-Bold/I
mktextfm SFMono-Bold
mktextfm SFMono-Bold
mktextfm 
mktextfm 
mktextfm JetBrainsMono-
mktextfm JetBrainsMono-
mktextfm JetBrainsMono-
mktextfm JetBrainsMono-/BI
mktextfm JetBrainsMono-
mktextfm JetBrainsMono-/B
mktextfm JetBrainsMono-
mktextfm JetBrainsMono-/I
mktextfm JetBrainsMono-
mktextfm JetBrainsMono-
mktextfm JetBrainsMono
mktextfm JetBrainsMono
mktextfm JetBrainsMono
mktextfm JetBrainsMono/BI
mktextfm JetBrainsMono
mktextfm JetBrainsMono/B
mktextfm JetBrainsMono
mktextfm JetBrainsMono/I
mktextfm JetBrainsMono
mktextfm JetBrainsMono
mktextfm SFMono
mktextfm SFMono
mktextfm SFMono
mktextfm SFMono/BI
mktextfm SFMono
mktextfm SFMono/B
mktextfm SFMono
mktextfm SFMono/I
mktextfm SFMono
mktextfm SFMono
mktextfm SFNSMono
mktextfm SFNSMono
mktextfm SFNSMono
mktextfm SFNSMono/BI
mktextfm SFNSMono
mktextfm SFNSMono/B
mktextfm SFNSMono
mktextfm SFNSMono/I
mktextfm SFNSMono
mktextfm SFNSMono
mktextfm 
mktextfm 
mktextfm 
mktextfm 
